info it worked if it ends with ok
verbose cli [ 'node', '/usr/local/bin/npm', 'install', '-d' ]
info using npm@1.0.17
info using node@v0.4.8
verbose /usr/local/bin/node node symlink
verbose config file /Users/bbunge/.npmrc
verbose config file /usr/local/etc/npmrc
ERR! Couldn't read dependencies.
ERR! Error: ENOENT, No such file or directory '/Applications/MAMP/htdocs/cs448b/college_board_spider/js/package.json'
ERR! Report this *entire* log at:
ERR!     <http://github.com/isaacs/npm/issues>
ERR! or email it to:
ERR!     <npm-@googlegroups.com>
ERR! 
ERR! System Darwin 10.8.0
ERR! command "node" "/usr/local/bin/npm" "install" "-d"
ERR! cwd /Applications/MAMP/htdocs/cs448b/college_board_spider/js
ERR! node -v v0.4.8
ERR! npm -v 1.0.17
verbose exit [ 2, true ]
